"E:/SpellslingersGame/Content/Blueprints/CombatInterface.uasset" 0
"E:/SpellslingersGame/Content/Blueprints/Enemies/CombatInterface.uasset" 1
"E:/SpellslingersGame/Content/Blueprints/Enemies/FinishInitialization.uasset" 2
"E:/SpellslingersGame/Content/Blueprints/Enemies/FloatingChase.uasset" 3
"E:/SpellslingersGame/Content/Blueprints/Enemies/GetMovementComponent.uasset" 4
"../../../Engine/Content/EditorBlueprintResources/StandardMacros.uasset" 5
"E:/SpellslingersGame/Content/FirstPerson/Character/Mesh/SK_Mannequin_Arms_Skeleton.uasset" 6
"E:/SpellslingersGame/Content/FirstPerson/Animations/FirstPerson_Idle.uasset" 7
"E:/SpellslingersGame/Content/FirstPerson/Animations/FirstPerson_JumpEnd.uasset" 8
"E:/SpellslingersGame/Content/FirstPerson/Animations/FirstPerson_JumpLoop.uasset" 9
"E:/SpellslingersGame/Content/FirstPerson/Animations/FirstPerson_JumpStart.uasset" 10
"E:/SpellslingersGame/Content/FirstPerson/Animations/FirstPerson_Run.uasset" 11
"E:/SpellslingersGame/Content/FirstPerson/Animations/FirstPerson_AnimBP.uasset" 12
"E:/SpellslingersGame/Content/FirstPerson/Animations/FirstPerson_Fire.uasset" 13
"E:/SpellslingersGame/Content/FirstPerson/Animations/FirstPersonFire_Montage.uasset" 14
"E:/SpellslingersGame/Content/Blueprints/BPI.uasset" 15
"E:/SpellslingersGame/Content/Blueprints/imdying.uasset" 16
"E:/SpellslingersGame/Content/Blueprints/ScoreSystem.uasset" 17
"E:/SpellslingersGame/Content/Textures/Cork_02.uasset" 18
"E:/SpellslingersGame/Content/Materials/M_Cork.uasset" 19
"E:/SpellslingersGame/Content/Models/MAT_Glass.uasset" 20
"E:/SpellslingersGame/Content/Models/BottleTarget.uasset" 21
"E:/SpellslingersGame/Content/Sounds/SFX/84704__cmusounddesign__glass-break-1.uasset" 22
"E:/SpellslingersGame/Content/Sounds/SFX/GlassBreakReverse.uasset" 23
"E:/SpellslingersGame/Content/StarterContent/Textures/T_Fire_SubUV.uasset" 24
"E:/SpellslingersGame/Content/StarterContent/Textures/T_Fire_Tiled_D.uasset" 25
"E:/SpellslingersGame/Content/StarterContent/Particles/Materials/M_Fire_SubUV.uasset" 26
"E:/SpellslingersGame/Content/StarterContent/Textures/T_Water_N.uasset" 27
"E:/SpellslingersGame/Content/StarterContent/Particles/Materials/M_Heat_Distortion.uasset" 28
"../../../Engine/Content/Functions/Engine_MaterialFunctions01/Gradient/RadialGradient.uasset" 29
"E:/SpellslingersGame/Content/StarterContent/Particles/Materials/M_Radial_Gradient.uasset" 30
"E:/SpellslingersGame/Content/StarterContent/Textures/T_Smoke_SubUV.uasset" 31
"E:/SpellslingersGame/Content/StarterContent/Textures/T_Smoke_Tiled_D.uasset" 32
"E:/SpellslingersGame/Content/StarterContent/Particles/Materials/M_smoke_subUV.uasset" 33
"E:/SpellslingersGame/Content/StarterContent/Particles/P_FireTarget.uasset" 34
"E:/SpellslingersGame/Content/Blueprints/TargetObj.uasset" 35
"E:/SpellslingersGame/Content/Sounds/Music/ghost-processional-by-kevin-macleod.uasset" 36
"E:/SpellslingersGame/Content/Sounds/Music/graveyard-shift-by-kevin-macleod.uasset" 37
"E:/SpellslingersGame/Content/Sounds/SFX/431981__horroraudio__ghost-sigh3.uasset" 38
"E:/SpellslingersGame/Content/Blueprints/TargetHandler.uasset" 39
"../../../Engine/Content/BasicShapes/BasicShapeMaterial.uasset" 40
"../../../Engine/Content/Functions/Engine_MaterialFunctions01/Opacity/CameraDepthFade.uasset" 41
"../../../Engine/Content/EngineMaterials/T_Default_Material_Grid_M.uasset" 42
"../../../Engine/Content/EngineMaterials/T_Default_Material_Grid_N.uasset" 43
"../../../Engine/Content/EngineMaterials/DefaultMaterial.uasset" 44
"../../../Engine/Content/BasicShapes/Sphere.uasset" 45
"E:/SpellslingersGame/Content/FirstPersonBP/Blueprints/DeathCam.uasset" 46
"E:/SpellslingersGame/Content/StarterContent/Particles/P_Fire.uasset" 47
"E:/SpellslingersGame/Content/StarterContent/Textures/T_Spark_Core.uasset" 48
"E:/SpellslingersGame/Content/StarterContent/Particles/Materials/M_Spark.uasset" 49
"E:/SpellslingersGame/Content/StarterContent/Particles/P_Sparks.uasset" 50
"E:/SpellslingersGame/Content/Blueprints/Enemies/EnemyBase.uasset" 51
"../../../Engine/Content/Functions/Engine_MaterialFunctions03/Procedurals/GeneratedBand.uasset" 52
"E:/SpellslingersGame/Content/Materials/LightningMAT2.uasset" 53
"E:/SpellslingersGame/Content/Materials/LightningExplode.uasset" 54
"E:/SpellslingersGame/Content/FirstPersonBP/Blueprints/FireAirSecondaryExplosion.uasset" 55
"E:/SpellslingersGame/Content/Materials/M_Fireball.uasset" 56
"E:/SpellslingersGame/Content/FirstPerson/Meshes/BaseMaterial.uasset" 57
"E:/SpellslingersGame/Content/FirstPerson/Meshes/FirstPersonProjectileMaterial.uasset" 58
"E:/SpellslingersGame/Content/FirstPerson/Meshes/FirstPersonProjectileMesh.uasset" 59
"E:/SpellslingersGame/Content/Sounds/SFX/431174__highpixel__fireball-explosion.uasset" 60
"E:/SpellslingersGame/Content/StarterContent/Textures/T_Burst_M.uasset" 61
"E:/SpellslingersGame/Content/StarterContent/Particles/Materials/M_Burst.uasset" 62
"E:/SpellslingersGame/Content/StarterContent/Textures/T_Explosion_SubUV.uasset" 63
"E:/SpellslingersGame/Content/StarterContent/Particles/Materials/M_explosion_subUV.uasset" 64
"E:/SpellslingersGame/Content/StarterContent/Particles/Materials/m_flare_01.uasset" 65
"E:/SpellslingersGame/Content/StarterContent/Particles/Materials/M_radial_ramp.uasset" 66
"E:/SpellslingersGame/Content/StarterContent/Particles/P_Explosion.uasset" 67
"E:/SpellslingersGame/Content/StarterContent/Particles/P_ExplosionWand.uasset" 68
"E:/SpellslingersGame/Content/StarterContent/Particles/P_FireSpell.uasset" 69
"E:/SpellslingersGame/Content/FirstPersonBP/Blueprints/FirePrimary.uasset" 70
"E:/SpellslingersGame/Content/FirstPersonBP/Blueprints/FireSecondary.uasset" 71
"E:/SpellslingersGame/Content/Blueprints/Enemies/WhispBB.uasset" 72
"E:/SpellslingersGame/Content/Blueprints/Enemies/Chase.uasset" 73
"E:/SpellslingersGame/Content/Blueprints/Enemies/FindPlayerLocation.uasset" 74
"E:/SpellslingersGame/Content/Blueprints/Enemies/FindRandomLocation.uasset" 75
"E:/SpellslingersGame/Content/Blueprints/Enemies/IsPlayerInRange.uasset" 76
"E:/SpellslingersGame/Content/Blueprints/Enemies/WhispBT.uasset" 77
"E:/SpellslingersGame/Content/Blueprints/Enemies/WhispAI.uasset" 78
"E:/SpellslingersGame/Content/Sounds/SFX/234288__leosalom__fireplace.uasset" 79
"E:/SpellslingersGame/Content/Blueprints/Enemies/Whisp.uasset" 80
"E:/SpellslingersGame/Content/StarterContent/Particles/P_AirTemp.uasset" 81
"E:/SpellslingersGame/Content/FirstPersonBP/Blueprints/WindPrimary.uasset" 82
"../../Plugins/Enterprise/DatasmithContent/Content/Blueprints/FBXImporter/ArrayOfActor.uasset" 83
"E:/SpellslingersGame/Content/StarterContent/Particles/P_Steam_Lit.uasset" 84
"E:/SpellslingersGame/Content/FirstPersonBP/Blueprints/WindSecondary.uasset" 85
"../../../Engine/Content/Functions/Engine_MaterialFunctions02/Utility/BlendAngleCorrectedNormals.uasset" 86
"../../../Engine/Content/Functions/MaterialLayerFunctions/MatLayerBlend_NormalBlend.uasset" 87
"../../../Engine/Content/Functions/MaterialLayerFunctions/MatLayerBlend_Simple.uasset" 88
"E:/SpellslingersGame/Content/FirstPerson/Character/Materials/MaterialLayers/T_ML_Rubber_Blue_01_D.uasset" 89
"E:/SpellslingersGame/Content/FirstPerson/Character/Materials/MaterialLayers/T_ML_Rubber_Blue_01_N.uasset" 90
"E:/SpellslingersGame/Content/FirstPerson/Character/Materials/MaterialLayers/ML_GlossyBlack_Latex_UE4.uasset" 91
"E:/SpellslingersGame/Content/FirstPerson/Character/Materials/MaterialLayers/ML_Plastic_Shiny_Beige.uasset" 92
"E:/SpellslingersGame/Content/FirstPerson/Character/Textures/UE4_LOGO_CARD.uasset" 93
"E:/SpellslingersGame/Content/FirstPerson/Character/Materials/MaterialLayers/ML_Plastic_Shiny_Beige_LOGO.uasset" 94
"E:/SpellslingersGame/Content/FirstPerson/Character/Materials/MaterialLayers/T_ML_Aluminum01.uasset" 95
"E:/SpellslingersGame/Content/FirstPerson/Character/Materials/MaterialLayers/T_ML_Aluminum01_N.uasset" 96
"E:/SpellslingersGame/Content/FirstPerson/Character/Materials/MaterialLayers/ML_SoftMetal_UE4.uasset" 97
"E:/SpellslingersGame/Content/FirstPerson/Character/Textures/UE4_Mannequin__normals.uasset" 98
"E:/SpellslingersGame/Content/FirstPerson/Character/Textures/UE4_Mannequin_MAT_MASKA.uasset" 99
"E:/SpellslingersGame/Content/FirstPerson/Character/Materials/M_UE4Man_Body.uasset" 100
"E:/SpellslingersGame/Content/FirstPerson/Character/Mesh/SK_Mannequin_Arms_PhysicsAsset.uasset" 101
"E:/SpellslingersGame/Content/FirstPerson/Character/Mesh/SK_Mannequin_Arms.uasset" 102
"E:/SpellslingersGame/Content/FirstPerson/FPWeapon/Materials/MaterialLayers/T_ML_Rubber_Blue_01_D.uasset" 103
"E:/SpellslingersGame/Content/FirstPerson/FPWeapon/Materials/MaterialLayers/T_ML_Rubber_Blue_01_N.uasset" 104
"E:/SpellslingersGame/Content/FirstPerson/FPWeapon/Materials/MaterialLayers/ML_GlossyBlack_Latex_UE4.uasset" 105
"E:/SpellslingersGame/Content/FirstPerson/FPWeapon/Materials/MaterialLayers/ML_Plastic_Shiny_Beige.uasset" 106
"E:/SpellslingersGame/Content/FirstPerson/FPWeapon/Materials/MaterialLayers/ML_Screen.uasset" 107
"E:/SpellslingersGame/Content/FirstPerson/FPWeapon/Materials/MaterialLayers/T_ML_Aluminum01.uasset" 108
"E:/SpellslingersGame/Content/FirstPerson/FPWeapon/Materials/MaterialLayers/T_ML_Aluminum01_N.uasset" 109
"E:/SpellslingersGame/Content/FirstPerson/FPWeapon/Materials/MaterialLayers/ML_SoftMetal_UE4.uasset" 110
"E:/SpellslingersGame/Content/FirstPerson/FPWeapon/Textures/T_FPGun_M.uasset" 111
"E:/SpellslingersGame/Content/FirstPerson/FPWeapon/Textures/T_FPGun_N.uasset" 112
"E:/SpellslingersGame/Content/FirstPerson/FPWeapon/Materials/M_FPGun.uasset" 113
"E:/SpellslingersGame/Content/FirstPerson/FPWeapon/Mesh/SK_FPGun_Skeleton.uasset" 114
"E:/SpellslingersGame/Content/FirstPerson/FPWeapon/Mesh/SK_FPGun.uasset" 115
"E:/SpellslingersGame/Content/FirstPersonBP/Blueprints/SpellEnum.uasset" 116
"E:/SpellslingersGame/Content/Materials/LightningMAT.uasset" 117
"E:/SpellslingersGame/Content/Materials/Lightning.uasset" 118
"E:/SpellslingersGame/Content/Textures/Wood_Dark_Tileable.uasset" 119
"E:/SpellslingersGame/Content/Textures/Wood_Tileable_Normal.uasset" 120
"E:/SpellslingersGame/Content/Materials/M_Wood_Dark_01.uasset" 121
"E:/SpellslingersGame/Content/Textures/Wood_Tileable.uasset" 122
"E:/SpellslingersGame/Content/Materials/M_Wood_Meduim_01.uasset" 123
"E:/SpellslingersGame/Content/Textures/Leather_White_Stylized_Tileable.uasset" 124
"E:/SpellslingersGame/Content/Textures/Leather_White_Stylized_Tileable_Normal.uasset" 125
"E:/SpellslingersGame/Content/Models/M_AlexWand_Wrap.uasset" 126
"E:/SpellslingersGame/Content/Models/AlexWand_GEO_AlexWand_GEO.uasset" 127
"E:/SpellslingersGame/Content/Sounds/Music/3871-heroic-reception-by-kevin-macleod.uasset" 128
"E:/SpellslingersGame/Content/Sounds/SFX/257234__javierzumer__fire-shot.uasset" 129
"E:/SpellslingersGame/Content/Sounds/SFX/449988__djt4nn3r__whoosh-med-high.uasset" 130
"E:/SpellslingersGame/Content/Sounds/SFX/471691__puerta118m__thunder.uasset" 131
"E:/SpellslingersGame/Content/Sounds/SFX/47835__tc630__fire2.uasset" 132
"E:/SpellslingersGame/Content/Fonts/Ghost_Of_The_Wild_West.uasset" 133
"E:/SpellslingersGame/Content/Fonts/Ghost_Of_The_Wild_West_Font.uasset" 134
"E:/SpellslingersGame/Content/Textures/Spellslingers_Logo.uasset" 135
"E:/SpellslingersGame/Content/UI/Credits.uasset" 136
"E:/SpellslingersGame/Content/UI/MainMenu.uasset" 137
"E:/SpellslingersGame/Content/UI/HowToPlay.uasset" 138
"E:/SpellslingersGame/Content/UI/PauseMenu.uasset" 139
"E:/SpellslingersGame/Content/Textures/RadialMenu/arrow.uasset" 140
"E:/SpellslingersGame/Content/Textures/RadialMenu/bottom.uasset" 141
"E:/SpellslingersGame/Content/Textures/RadialMenu/left.uasset" 142
"E:/SpellslingersGame/Content/Textures/RadialMenu/right.uasset" 143
"E:/SpellslingersGame/Content/Textures/RadialMenu/top.uasset" 144
"E:/SpellslingersGame/Content/UI/SpellMenu.uasset" 145
"E:/SpellslingersGame/Content/Fonts/Saddlebag.uasset" 146
"E:/SpellslingersGame/Content/Fonts/Saddlebag_Font.uasset" 147
"E:/SpellslingersGame/Content/UI/VictoryMenu.uasset" 148
"E:/SpellslingersGame/Content/FirstPersonBP/Blueprints/FirstPersonCharacter.uasset" 149
"E:/SpellslingersGame/Content/Blueprints/Enemies/GetNearestPlayer.uasset" 150
"E:/SpellslingersGame/Content/Blueprints/Enemies/SetFocus.uasset" 151
"E:/SpellslingersGame/Content/Blueprints/Enemies/WhispMeleeAttack.uasset" 152
"E:/SpellslingersGame/Content/Blueprints/Enemies/ZombieGruntBB.uasset" 153
"E:/SpellslingersGame/Content/Blueprints/Enemies/ZombieGruntMeleeAttack.uasset" 154
"E:/SpellslingersGame/Content/Blueprints/Enemies/ZombieGruntBT.uasset" 155
"E:/SpellslingersGame/Content/Blueprints/Enemies/ZombieGruntAI.uasset" 156
"E:/SpellslingersGame/Content/Blueprints/Enemies/ZombieAssets/zombieRIGwMaterials_Skeleton.uasset" 157
"E:/SpellslingersGame/Content/Blueprints/Enemies/ZombieAssets/Jumping.uasset" 158
"E:/SpellslingersGame/Content/Blueprints/Enemies/ZombieAssets/Zombie_Death.uasset" 159
"E:/SpellslingersGame/Content/Blueprints/Enemies/ZombieAssets/Zombie_Dying.uasset" 160
"E:/SpellslingersGame/Content/Blueprints/Enemies/ZombieAssets/Zombie_Walk.uasset" 161
"E:/SpellslingersGame/Content/FirstPerson/Character/Mesh/FirstPersonAnimBlueprint_Copy.uasset" 162
"E:/SpellslingersGame/Content/FirstPerson/FPWeapon/Materials/MaterialLayers/ML_Plastic_Shiny_Beige_LOGO.uasset" 163
"E:/SpellslingersGame/Content/FirstPerson/FPWeapon/Materials/MaterialLayers/T_ML_FineRubber.uasset" 164
"E:/SpellslingersGame/Content/FirstPerson/FPWeapon/Mesh/SK_FPGun_PhysicsAsset.uasset" 165
"E:/SpellslingersGame/Content/FirstPerson/Meshes/CubeMaterialOverride.uasset" 166
"E:/SpellslingersGame/Content/FirstPerson/Textures/FirstPersonCrosshair.uasset" 167
"E:/SpellslingersGame/Content/FirstPersonBP/FirstPersonOverview.uasset" 168
"E:/SpellslingersGame/Content/FirstPersonBP/Blueprints/FireAirPrimary.uasset" 169
"E:/SpellslingersGame/Content/FirstPersonBP/Blueprints/imdying.uasset" 170
"E:/SpellslingersGame/Content/FirstPersonBP/Blueprints/UI/MainMenu.uasset" 171
"E:/SpellslingersGame/Content/FirstPersonBP/Blueprints/MainMenu.uasset" 172
"E:/SpellslingersGame/Content/Blueprints/HintSystem.uasset" 173
"E:/SpellslingersGame/Content/UI/ScoreHUD.uasset" 174
"E:/SpellslingersGame/Content/FirstPersonBP/Blueprints/UI/ScoreHUD.uasset" 175
"E:/SpellslingersGame/Content/FirstPersonBP/Blueprints/ScoreHUD.uasset" 176
"E:/SpellslingersGame/Content/UI/TimerHUD.uasset" 177
"E:/SpellslingersGame/Content/FirstPersonBP/Blueprints/UI/TimerHUD.uasset" 178
"E:/SpellslingersGame/Content/FirstPersonBP/Blueprints/TimerHUD.uasset" 179
"E:/SpellslingersGame/Content/FirstPersonBP/Blueprints/FirstPersonProjectile.uasset" 180
"E:/SpellslingersGame/Content/FirstPerson/Audio/FirstPersonTemplateWeaponFire02.uasset" 181
"E:/SpellslingersGame/Content/FirstPersonBP/Blueprints/Copies/FirstPersonCharacterCopy.uasset" 182
"E:/SpellslingersGame/Content/FirstPersonBP/Blueprints/Copies/FirstPersonProjectileCopy.uasset" 183
"E:/SpellslingersGame/Content/FirstPersonBP/Blueprints/UI/Credits.uasset" 184
"E:/SpellslingersGame/Content/FirstPersonBP/Blueprints/UI/HowToPlay.uasset" 185
"E:/SpellslingersGame/Content/FirstPersonBP/Blueprints/UI/HowToPlay_PauseMenu.uasset" 186
"E:/SpellslingersGame/Content/FirstPersonBP/Blueprints/UI/PauseMenu.uasset" 187
"E:/SpellslingersGame/Content/Fonts/Long_Shot.uasset" 188
"E:/SpellslingersGame/Content/Fonts/Long_Shot_Font.uasset" 189
"E:/SpellslingersGame/Content/Geometry/sphereOBJ.uasset" 190
"E:/SpellslingersGame/Content/Geometry/Meshes/CubeMaterial.uasset" 191
"E:/SpellslingersGame/Content/Geometry/Meshes/1M_Cube_Chamfer.uasset" 192
"../../../Engine/Content/EngineMaterials/BaseFlattenDiffuseMap.uasset" 193
"../../../Engine/Content/EngineMaterials/BaseFlattenEmissiveMap.uasset" 194
"../../../Engine/Content/EngineMaterials/BaseFlattenGrayscaleMap.uasset" 195
"../../../Engine/Content/EngineMaterials/BaseFlattenNormalMap.uasset" 196
"../../../Engine/Content/EngineMaterials/NewBaseFlattenMaterial.uasset" 197
"E:/SpellslingersGame/Content/Geometry/Meshes/M_1M_Cube_M_Floor_9C1AA4924BACC79E7222768B37CA8AAD.uasset" 198
"E:/SpellslingersGame/Content/Geometry/Meshes/TemplateFloor.uasset" 199
"E:/SpellslingersGame/Content/Materials/Lightning2.uasset" 200
"E:/SpellslingersGame/Content/Meshes/StaticMesh.uasset" 201
"E:/SpellslingersGame/Content/Models/M_AlexWand_Beads.uasset" 202
"E:/SpellslingersGame/Content/Models/AlexWand_GEO_Bead_01.uasset" 203
"E:/SpellslingersGame/Content/Models/AlexWand_GEO_Bead_02.uasset" 204
"E:/SpellslingersGame/Content/Models/AlexWand_GEO_Bead_03.uasset" 205
"E:/SpellslingersGame/Content/Models/M_AlexWand_Feather.uasset" 206
"E:/SpellslingersGame/Content/Models/AlexWand_GEO_Feather.uasset" 207
"E:/SpellslingersGame/Content/Models/M_AlexWand_Strap.uasset" 208
"E:/SpellslingersGame/Content/Models/AlexWand_GEO_Strap_01.uasset" 209
"E:/SpellslingersGame/Content/Models/AlexWand_GEO_Strap_02.uasset" 210
"E:/SpellslingersGame/Content/Models/AlexWand_GEO_Strap_03.uasset" 211
"E:/SpellslingersGame/Content/Models/lambert2.uasset" 212
"E:/SpellslingersGame/Content/Models/FireSpell_PhysicsAsset.uasset" 213
"E:/SpellslingersGame/Content/Models/Idle_Skeleton.uasset" 214
"E:/SpellslingersGame/Content/Models/FireSpell.uasset" 215
"E:/SpellslingersGame/Content/Models/FireSpell_Anim.uasset" 216
"E:/SpellslingersGame/Content/Models/Glass_Cup.uasset" 217
"E:/SpellslingersGame/Content/Models/Idle_PhysicsAsset.uasset" 218
"E:/SpellslingersGame/Content/Models/Idle.uasset" 219
"E:/SpellslingersGame/Content/Models/Idle_Anim.uasset" 220
"E:/SpellslingersGame/Content/Models/lambert1.uasset" 221
"E:/SpellslingersGame/Content/Models/Lanturn_01_DIffuse.uasset" 222
"E:/SpellslingersGame/Content/Models/MAT_Lamp.uasset" 223
"E:/SpellslingersGame/Content/Models/Lantern_01_GEO_Lanturn.uasset" 224
"E:/SpellslingersGame/Content/Models/Lantern_01_GEO_Lanturn_Glass.uasset" 225
"E:/SpellslingersGame/Content/Models/phong2.uasset" 226
"E:/SpellslingersGame/Content/Models/Lantern_01_GEO_Lanturn_Handle.uasset" 227
"E:/SpellslingersGame/Content/Models/M_AlexWand_Handle.uasset" 228
"E:/SpellslingersGame/Content/Models/M_AlexWand_Rod.uasset" 229
"E:/SpellslingersGame/Content/Models/Wood_Dark_Tileable.uasset" 230
"E:/SpellslingersGame/Content/Models/MAT_DarkWood.uasset" 231
"E:/SpellslingersGame/Content/Models/Railing_NoPost.uasset" 232
"E:/SpellslingersGame/Content/Models/Railing_Pole.uasset" 233
"E:/SpellslingersGame/Content/Models/Railing_Post.uasset" 234
"E:/SpellslingersGame/Content/Models/Railing_With_NoPost.uasset" 235
"E:/SpellslingersGame/Content/Models/Staircase_HalfFlight.uasset" 236
"E:/SpellslingersGame/Content/Models/Support.uasset" 237
"E:/SpellslingersGame/Content/Models/Chair_01.uasset" 238
"E:/SpellslingersGame/Content/Models/WoodenChair.uasset" 239
"E:/SpellslingersGame/Content/Models/BottleTarget_fbm/Cork_02.uasset" 240
"E:/SpellslingersGame/Content/Sounds/Music/37145__kerri__overblow-echo.uasset" 241
"E:/SpellslingersGame/Content/Sounds/Music/bcc-031814-eeerie-ghost-haunting-music-174.uasset" 242
"E:/SpellslingersGame/Content/Sounds/Music/constant-horror_fksfaVEu.uasset" 243
"E:/SpellslingersGame/Content/Sounds/Music/dramatic-rippling-bridge_GygegeSO.uasset" 244
"E:/SpellslingersGame/Content/Sounds/Music/eclipse-of-the-sun_GJUVJBBO.uasset" 245
"E:/SpellslingersGame/Content/Sounds/Music/measured-paces-by-kevin-macleod.uasset" 246
"E:/SpellslingersGame/Content/Sounds/Music/phantasm-by-kevin-macleod.uasset" 247
"E:/SpellslingersGame/Content/Sounds/Music/simple-music-to-frighten-small-children-by-by-kevin-macleod.uasset" 248
"E:/SpellslingersGame/Content/Sounds/Music/ssm-102518-Dark-Halls-cello.uasset" 249
"E:/SpellslingersGame/Content/Sounds/Music/ssm-102518-ghost-piano.uasset" 250
"E:/SpellslingersGame/Content/Sounds/Music/to-the-fire_z1JQMQSd.uasset" 251
"E:/SpellslingersGame/Content/Sounds/Music/without-limit_z1uGtmHO.uasset" 252
"E:/SpellslingersGame/Content/Sounds/SFX/123632__vosvoy__homemadeflamethrower-fire-loop.uasset" 253
"E:/SpellslingersGame/Content/Sounds/SFX/321289__goldendiaphragm__glass-cling-07.uasset" 254
"E:/SpellslingersGame/Content/Sounds/SFX/447581__banzai-bonsai__pickup-sound.uasset" 255
"E:/SpellslingersGame/Content/Sounds/SFX/93100__cgeffex__whip-crack-01.uasset" 256
"E:/SpellslingersGame/Content/Sounds/SFX/clock-ticking-exact-looping_zJ4DdH4_.uasset" 257
"E:/SpellslingersGame/Content/Sounds/SFX/grandfather-clock-chime-eerie_GJP6hwVu.uasset" 258
"E:/SpellslingersGame/Content/Sounds/SFX/jg-032316-sfx-grandfather-clock-bells-and-gears.uasset" 259
"E:/SpellslingersGame/Content/Sounds/SFX/jg-032316-sfx-grandfather-clock.uasset" 260
"E:/SpellslingersGame/Content/StarterContent/Materials/M_Basic_Wall.uasset" 261
"E:/SpellslingersGame/Content/StarterContent/Architecture/Pillar_50x500.uasset" 262
"E:/SpellslingersGame/Content/StarterContent/Architecture/Wall_400x300.uasset" 263
"E:/SpellslingersGame/Content/StarterContent/Architecture/Wall_400x400.uasset" 264
"E:/SpellslingersGame/Content/StarterContent/Architecture/Wall_500x500.uasset" 265
"E:/SpellslingersGame/Content/StarterContent/Architecture/Wall_Door_400x400.uasset" 266
"E:/SpellslingersGame/Content/StarterContent/Architecture/Wall_Window_400x400.uasset" 267
"E:/SpellslingersGame/Content/StarterContent/Audio/Collapse01.uasset" 268
"E:/SpellslingersGame/Content/StarterContent/Audio/Collapse02.uasset" 269
"E:/SpellslingersGame/Content/StarterContent/Audio/Explosion01.uasset" 270
"E:/SpellslingersGame/Content/StarterContent/Audio/Explosion02.uasset" 271
"E:/SpellslingersGame/Content/StarterContent/Audio/Fire01.uasset" 272
"E:/SpellslingersGame/Content/StarterContent/Audio/Fire_Sparks01.uasset" 273
"E:/SpellslingersGame/Content/StarterContent/Audio/Light01.uasset" 274
"E:/SpellslingersGame/Content/StarterContent/Audio/Light01_Cue.uasset" 275
"E:/SpellslingersGame/Content/StarterContent/Audio/Light02.uasset" 276
"E:/SpellslingersGame/Content/StarterContent/Audio/Light02_Cue.uasset" 277
"E:/SpellslingersGame/Content/StarterContent/Audio/Smoke01.uasset" 278
"E:/SpellslingersGame/Content/StarterContent/Audio/Starter_Birds01.uasset" 279
"E:/SpellslingersGame/Content/StarterContent/Audio/Starter_Music01.uasset" 280
"E:/SpellslingersGame/Content/StarterContent/Audio/Starter_Wind05.uasset" 281
"E:/SpellslingersGame/Content/StarterContent/Audio/Starter_Wind06.uasset" 282
"E:/SpellslingersGame/Content/StarterContent/Audio/Steam01.uasset" 283
"E:/SpellslingersGame/Content/StarterContent/Audio/Explosion_Cue.uasset" 284
"E:/SpellslingersGame/Content/StarterContent/Blueprints/Blueprint_Effect_Explosion.uasset" 285
"../../../Engine/Content/EditorMeshes/ColorCalibrator/T_ColorGrid.uasset" 286
"E:/SpellslingersGame/Content/StarterContent/Materials/M_ColorGrid_LowSpec.uasset" 287
"E:/SpellslingersGame/Content/StarterContent/Particles/P_Stunned_Sparks.uasset" 288
"E:/SpellslingersGame/Content/StarterContent/Textures/T_Bush_D.uasset" 289
"E:/SpellslingersGame/Content/StarterContent/Textures/T_Bush_N.uasset" 290
"E:/SpellslingersGame/Content/StarterContent/Props/Materials/M_Bush.uasset" 291
"E:/SpellslingersGame/Content/StarterContent/Props/SM_Bush.uasset" 292
"E:/SpellslingersGame/Content/StarterContent/Textures/T_Chair_M.uasset" 293
"E:/SpellslingersGame/Content/StarterContent/Textures/T_Chair_N.uasset" 294
"E:/SpellslingersGame/Content/StarterContent/Props/Materials/M_Chair.uasset" 295
"E:/SpellslingersGame/Content/StarterContent/Props/SM_Couch.uasset" 296
"E:/SpellslingersGame/Content/StarterContent/Materials/M_Glass.uasset" 297
"E:/SpellslingersGame/Content/StarterContent/Textures/T_Door_M.uasset" 298
"E:/SpellslingersGame/Content/StarterContent/Textures/T_Door_N.uasset" 299
"E:/SpellslingersGame/Content/StarterContent/Props/Materials/M_Door.uasset" 300
"E:/SpellslingersGame/Content/StarterContent/Props/SM_Door.uasset" 301
"E:/SpellslingersGame/Content/StarterContent/Props/Materials/M_MaterialSphere.uasset" 302
"E:/SpellslingersGame/Content/StarterContent/Props/Materials/M_MaterialSphere_Plain.uasset" 303
"E:/SpellslingersGame/Content/StarterContent/Props/SM_MatPreviewMesh_02.uasset" 304
"E:/SpellslingersGame/Content/StarterContent/Textures/T_Detail_Rocky_N.uasset" 305
"E:/SpellslingersGame/Content/StarterContent/Textures/T_Rock_Basalt_D.uasset" 306
"E:/SpellslingersGame/Content/StarterContent/Textures/T_RockMesh_M.uasset" 307
"E:/SpellslingersGame/Content/StarterContent/Textures/T_RockMesh_N.uasset" 308
"E:/SpellslingersGame/Content/StarterContent/Props/Materials/M_Rock.uasset" 309
"E:/SpellslingersGame/Content/StarterContent/Props/SM_Rock.uasset" 310
"E:/SpellslingersGame/Content/StarterContent/Textures/T_Shelf_M.uasset" 311
"E:/SpellslingersGame/Content/StarterContent/Textures/T_Shelf_N.uasset" 312
"E:/SpellslingersGame/Content/StarterContent/Props/Materials/M_Shelf.uasset" 313
"E:/SpellslingersGame/Content/StarterContent/Props/SM_Shelf.uasset" 314
"E:/SpellslingersGame/Content/StarterContent/Materials/M_Basic_Floor.uasset" 315
"E:/SpellslingersGame/Content/StarterContent/Props/SM_Stairs.uasset" 316
"E:/SpellslingersGame/Content/StarterContent/Shapes/Shape_Cone.uasset" 317
"E:/SpellslingersGame/Content/StarterContent/Shapes/Shape_Cylinder.uasset" 318
"E:/SpellslingersGame/Content/StarterContent/Shapes/Shape_NarrowCapsule.uasset" 319
"E:/SpellslingersGame/Content/StarterContent/Shapes/Shape_Pipe.uasset" 320
"E:/SpellslingersGame/Content/StarterContent/Shapes/Shape_Pipe_180.uasset" 321
"E:/SpellslingersGame/Content/StarterContent/Shapes/Shape_Pipe_90.uasset" 322
"E:/SpellslingersGame/Content/StarterContent/Shapes/Shape_Plane.uasset" 323
"E:/SpellslingersGame/Content/StarterContent/Shapes/Shape_Torus.uasset" 324
"E:/SpellslingersGame/Content/StarterContent/Shapes/Shape_Trim.uasset" 325
"E:/SpellslingersGame/Content/StarterContent/Shapes/Shape_Trim_90_In.uasset" 326
"E:/SpellslingersGame/Content/StarterContent/Shapes/Shape_Trim_90_Out.uasset" 327
"E:/SpellslingersGame/Content/StarterContent/Shapes/Shape_TriPyramid.uasset" 328
"E:/SpellslingersGame/Content/StarterContent/Shapes/Shape_Tube.uasset" 329
"E:/SpellslingersGame/Content/StarterContent/Shapes/Shape_Wedge_A.uasset" 330
"E:/SpellslingersGame/Content/StarterContent/Shapes/Shape_Wedge_B.uasset" 331
"E:/SpellslingersGame/Content/StarterContent/Shapes/Shape_WideCapsule.uasset" 332
"E:/SpellslingersGame/Content/Textures/SaloonOfSouls_Logo.uasset" 333
"E:/SpellslingersGame/Content/Textures/Wallpaper_Stylized_Tileable_Bump.uasset" 334
"E:/SpellslingersGame/Content/Textures/Wood_Floor_Tileable_Normal.uasset" 335
"E:/SpellslingersGame/Content/Textures/Wood__Light_Tileable.uasset" 336
"../../../Engine/Content/Animation/DefaultAnimCurveCompressionSettings.uasset" 337
"../../../Engine/Content/EngineMaterials/WorldGridMaterial.uasset" 338
"../../../Engine/Content/ArtTools/RenderToTexture/Meshes/S_1_Unit_Plane.uasset" 339
"../../../Engine/Content/BasicShapes/Cone.uasset" 340
"../../../Engine/Content/BasicShapes/Plane.uasset" 341
"../../../Engine/Content/EditorLandscapeResources/DataLayer.uasset" 342
"../../../Engine/Content/EditorMaterials/GizmoMaterial.uasset" 343
"../../../Engine/Content/EditorMaterials/MAT_Groups_Toggle.uasset" 344
"../../../Engine/Content/EditorMaterials/MAT_Groups_Visibility.uasset" 345
"../../../Engine/Content/EditorMaterials/PreviewShadowIndicator.uasset" 346
"../../../Engine/Content/EditorMaterials/PreviewShadowIndicatorMaterial.uasset" 347
"../../../Engine/Content/EditorMaterials/MatineeGroups/MAT_ColorTrack.uasset" 348
"../../../Engine/Content/EditorMaterials/MatineeGroups/MAT_Groups_Anim.uasset" 349
"../../../Engine/Content/EditorMaterials/MatineeGroups/MAT_Groups_AudioMaster.uasset" 350
"../../../Engine/Content/EditorMaterials/MatineeGroups/MAT_Groups_Director.uasset" 351
"../../../Engine/Content/EditorMaterials/MatineeGroups/MAT_Groups_Event.uasset" 352
"../../../Engine/Content/EditorMaterials/MatineeGroups/MAT_Groups_Fade.uasset" 353
"../../../Engine/Content/EditorMaterials/MatineeGroups/MAT_Groups_Float.uasset" 354
"../../../Engine/Content/EditorMaterials/MatineeGroups/MAT_Groups_Move.uasset" 355
"../../../Engine/Content/EditorMaterials/MatineeGroups/MAT_Groups_Slomo.uasset" 356
"../../../Engine/Content/EditorMaterials/MatineeGroups/MAT_Groups_Sound.uasset" 357
"../../../Engine/Content/EditorMaterials/MatineeGroups/MAT_Groups_Vector.uasset" 358
"../../../Engine/Content/EditorMaterials/ParticleSystems/PSysThumbnail_NoImage.uasset" 359
"../../../Engine/Content/EditorMaterials/ParticleSystems/PSysThumbnail_OOD.uasset" 360
"../../../Engine/Content/EditorMaterials/Camera/CineMat.uasset" 361
"../../../Engine/Content/EditorMaterials/Camera/MI_CineMat_Rig.uasset" 362
"../../../Engine/Content/EditorMeshes/Camera/SM_CraneRig_Arm.uasset" 363
"../../../Engine/Content/EditorMeshes/Camera/SM_CraneRig_Base.uasset" 364
"../../../Engine/Content/EditorMeshes/Camera/SM_CraneRig_Body.uasset" 365
"../../../Engine/Content/EditorMeshes/Camera/SM_CraneRig_Mount.uasset" 366
"../../../Engine/Content/EditorMeshes/Camera/SM_RailRig_Mount.uasset" 367
"../../../Engine/Content/EditorMeshes/Camera/SM_RailRig_Track.uasset" 368
"../../../Engine/Content/EditorResources/BSPVertex.uasset" 369
"../../../Engine/Content/EditorResources/EmptyActor.uasset" 370
"../../../Engine/Content/EditorResources/S_Actor.uasset" 371
"../../../Engine/Content/EditorResources/S_Note.uasset" 372
"../../../Engine/Content/EditorResources/S_Solver.uasset" 373
"../../../Engine/Content/EditorResources/S_Trigger.uasset" 374
"../../../Engine/Content/EditorResources/AudioIcons/S_AudioComponent.uasset" 375
"../../../Engine/Content/EditorResources/AudioIcons/S_AudioComponent_AutoActivate.uasset" 376
"../../../Engine/Content/EditorResources/LightIcons/S_LightError.uasset" 377
"../../../Engine/Content/EditorResources/SequenceRecorder/Countdown.uasset" 378
"../../../Engine/Content/EditorResources/SequenceRecorder/RecordingIndicator.uasset" 379
"../../../Engine/Content/EditorSounds/Notifications/CompileFailed.uasset" 380
"../../../Engine/Content/EditorSounds/Notifications/CompileFailed_Cue.uasset" 381
"../../../Engine/Content/EditorSounds/Notifications/CompileSuccess.uasset" 382
"../../../Engine/Content/EditorSounds/Notifications/CompileStart_Cue.uasset" 383
"../../../Engine/Content/EditorSounds/Notifications/CompileSuccess_Cue.uasset" 384
"../../../Engine/Content/EngineDamageTypes/DmgTypeBP_Environmental.uasset" 385
"../../../Engine/Content/EngineDebugMaterials/HeatmapGradient.uasset" 386
"../../../Engine/Content/EngineDebugMaterials/BoneWeightMaterial.uasset" 387
"../../../Engine/Content/EngineDebugMaterials/ClothMaterial.uasset" 388
"../../../Engine/Content/EngineDebugMaterials/ClothMaterial_WF.uasset" 389
"../../../Engine/Content/EngineDebugMaterials/DebugEditorMaterial.uasset" 390
"../../../Engine/Content/EngineDebugMaterials/DebugMeshMaterial.uasset" 391
"../../../Engine/Content/EngineDebugMaterials/GeomMaterial.uasset" 392
"../../../Engine/Content/EngineDebugMaterials/M_SimpleTranslucent.uasset" 393
"../../../Engine/Content/Functions/Engine_MaterialFunctions02/Utility/CameraDirectionVector.uasset" 394
"../../../Engine/Content/EngineDebugMaterials/VolumeToRender.uasset" 395
"../../../Engine/Content/EngineDebugMaterials/M_VolumeRenderSphereTracePP.uasset" 396
"../../../Engine/Content/EngineDebugMaterials/WireframeMaterial.uasset" 397
"../../../Engine/Content/EngineFonts/Faces/RobotoBold.uasset" 398
"../../../Engine/Content/EngineFonts/Faces/RobotoBoldItalic.uasset" 399
"../../../Engine/Content/EngineFonts/Faces/RobotoItalic.uasset" 400
"../../../Engine/Content/EngineFonts/Faces/RobotoLight.uasset" 401
"../../../Engine/Content/EngineFonts/Faces/RobotoRegular.uasset" 402
"../../../Engine/Content/EngineFonts/Roboto.uasset" 403
"../../../Engine/Content/EngineFonts/Faces/RobotoTiny.uasset" 404
"../../../Engine/Content/EngineFonts/RobotoTiny.uasset" 405
"../../../Engine/Content/EngineMaterials/BaseFlattenMaterial.uasset" 406
"../../../Engine/Content/EngineMaterials/BlueNoise.uasset" 407
"../../../Engine/Content/EngineMaterials/DefaultBloomKernel.uasset" 408
"../../../Engine/Content/EngineMaterials/DefaultBokeh.uasset" 409
"../../../Engine/Content/EngineMaterials/DefaultDiffuse.uasset" 410
"../../../Engine/Content/EngineMaterials/DefaultDeferredDecalMaterial.uasset" 411
"../../../Engine/Content/EngineMaterials/DefaultLightFunctionMaterial.uasset" 412
"../../../Engine/Content/Functions/Engine_MaterialFunctions02/Utility/BreakOutFloat2Components.uasset" 413
"../../../Engine/Content/EngineMaterials/DefaultPostProcessMaterial.uasset" 414
"../../../Engine/Content/EngineFonts/RobotoDistanceField.uasset" 415
"../../../Engine/Content/EngineMaterials/DefaultTextMaterialOpaque.uasset" 416
"../../../Engine/Content/EngineMaterials/DefaultVirtualTextureMaterial.uasset" 417
"../../../Engine/Content/EngineMaterials/DefaultWhiteGrid.uasset" 418
"../../../Engine/Content/EngineMaterials/EditorBrushMaterial.uasset" 419
"../../../Engine/Content/EngineMaterials/DefaultWhiteGrid_Low.uasset" 420
"../../../Engine/Content/EngineMaterials/EmissiveMeshMaterial.uasset" 421
"../../../Engine/Content/EngineMaterials/Good64x64TilingNoiseHighFreq.uasset" 422
"../../../Engine/Content/EngineMaterials/MiniFont.uasset" 423
"../../../Engine/Content/EngineMaterials/InvalidLightmapSettings.uasset" 424
"../../../Engine/Content/EngineMaterials/M_InvalidLightmapSettings.uasset" 425
"../../../Engine/Content/Functions/Engine_MaterialFunctions02/WorldPositionOffset/CameraOffset.uasset" 426
"../../../Engine/Content/EngineMaterials/PhAT_JointLimitMaterial.uasset" 427
"../../../Engine/Content/EngineMaterials/PreintegratedSkinBRDF.uasset" 428
"../../../Engine/Content/EngineMaterials/RemoveSurfaceMaterial.uasset" 429
"../../../Engine/Content/EngineMaterials/WeightMapPlaceholderTexture.uasset" 430
"../../../Engine/Content/EngineResources/WhiteSquareTexture.uasset" 431
"../../../Engine/Content/EngineMaterials/Widget3DPassThrough.uasset" 432
"../../../Engine/Content/EngineMaterials/Widget3DPassThrough_Masked.uasset" 433
"../../../Engine/Content/EngineMaterials/Widget3DPassThrough_Opaque.uasset" 434
"../../../Engine/Content/EngineMaterials/Widget3DPassThrough_Masked_OneSided.uasset" 435
"../../../Engine/Content/EngineMaterials/Widget3DPassThrough_Opaque_OneSided.uasset" 436
"../../../Engine/Content/EngineMaterials/Widget3DPassThrough_Translucent.uasset" 437
"../../../Engine/Content/EngineMaterials/Widget3DPassThrough_Translucent_OneSided.uasset" 438
"../../../Engine/Content/EngineMeshes/Cylinder.uasset" 439
"../../../Engine/Content/EngineMeshes/Sphere.uasset" 440
"../../../Engine/Content/EngineResources/Black.uasset" 441
"../../../Engine/Content/EngineResources/DefaultTexture.uasset" 442
"../../../Engine/Content/EngineResources/DefaultTextureCube.uasset" 443
"../../../Engine/Content/EngineResources/DefaultVolumeTexture2D.uasset" 444
"../../../Engine/Content/EngineResources/DefaultVolumeTexture.uasset" 445
"../../../Engine/Content/EngineResources/GradientTexture0.uasset" 446
"../../../Engine/Content/EngineSounds/Master.uasset" 447
"../../../Engine/Content/Functions/Engine_MaterialFunctions01/Shading/ConvertFromDiffSpec.uasset" 448
"../../../Engine/Content/Functions/Engine_MaterialFunctions01/Shading/PowerToRoughness.uasset" 449
"../../../Engine/Content/Maps/Templates/Thumbnails/Default.uasset" 450
"../../../Engine/Content/Maps/Templates/Thumbnails/VR-Basic.uasset" 451
"../../../Engine/Content/MobileResources/T_MobileControls_texture.uasset" 452
"../../../Engine/Content/MobileResources/T_MobileMenu2.uasset" 453
"../../../Engine/Content/MobileResources/HUD/AnalogHat.uasset" 454
"../../../Engine/Content/MobileResources/HUD/VirtualJoystick_Background.uasset" 455
"../../../Engine/Content/MobileResources/HUD/VirtualJoystick_Thumb.uasset" 456
"../../../Engine/Content/MobileResources/HUD/DefaultVirtualJoysticks.uasset" 457
"../../../Engine/Content/MobileResources/HUD/LeftVirtualJoystickOnly.uasset" 458
"../../../Engine/Content/MobileResources/HUD/MobileHUDButton1_off.uasset" 459
"../../../Engine/Content/MobileResources/HUD/MobileHUDButton1_on.uasset" 460
"../../../Engine/Content/MobileResources/HUD/MobileHUDButton2_off.uasset" 461
"../../../Engine/Content/MobileResources/HUD/MobileHUDButton2_on.uasset" 462
"../../../Engine/Content/MobileResources/HUD/MobileHUDButton3.uasset" 463
"../../../Engine/Content/MobileResources/HUD/MobileHUDButtonFire.uasset" 464
"../../../Engine/Content/MobileResources/HUD/MobileHUDDirectionPad.uasset" 465
"../../../Engine/Content/MobileResources/HUD/MobileHUDDirectionPad2.uasset" 466
"../../../Engine/Content/MobileResources/HUD/MobileHUDDirectionPad3.uasset" 467
"../../../Engine/Content/MobileResources/HUD/MobileHUDDirectionStick.uasset" 468
"../../../Engine/Content/MobileResources/HUD/T_Castle_ThumbstickInner.uasset" 469
"../../../Engine/Content/MobileResources/HUD/T_Castle_ThumbstickOutter.uasset" 470
"../../../Engine/Content/Tutorial/ContentIntroCurve.uasset" 471
"../../../Engine/Content/Tutorial/Basics/LevelEditorAttract.uasset" 472
"../../../Engine/Content/Tutorial/Basics/TutorialAssets/icon_tab_Levels_40x.uasset" 473
"../../../Engine/Content/Tutorial/Basics/LevelEditorOverview.uasset" 474
"../../../Engine/Content/Tutorial/BlueprintTutorials/TutorialAssets/Blueprint_64x.uasset" 475
"../../../Engine/Content/Tutorial/BlueprintTutorials/BlueprintEditorTutorial.uasset" 476
"../../../Engine/Content/VREditor/LaserPointer/VR_LaserPower_01.uasset" 477
"../../../Engine/Content/VREditor/TransformGizmo/TransformGizmoMaterial.uasset" 478
"../../../Engine/Content/VREditor/TransformGizmo/TranslucentTransformGizmoMaterial.uasset" 479
"../../../Engine/Content/VREditor/TransformGizmo/BoundingBoxCorner.uasset" 480
"../../../Engine/Content/VREditor/TransformGizmo/BoundingBoxEdge.uasset" 481
"../../../Engine/Content/VREditor/TransformGizmo/PlaneTranslationHandle.uasset" 482
"../../../Engine/Content/VREditor/TransformGizmo/Main.uasset" 483
"../../../Engine/Content/VREditor/TransformGizmo/Xray.uasset" 484
"../../../Engine/Content/VREditor/TransformGizmo/SM_Sequencer_Key.uasset" 485
"../../../Engine/Content/VREditor/TransformGizmo/SM_Sequencer_Node.uasset" 486
"../../Plugins/2D/Paper2D/Content/PlaceholderTextures/DummySpriteTexture.uasset" 487
"../../Plugins/2D/Paper2D/Content/DummySprite.uasset" 488
"../../Plugins/2D/Paper2D/Content/DefaultPaperTerrainMaterial.uasset" 489
"../../Plugins/2D/Paper2D/Content/DummySpriteTexture.uasset" 490
"../../Plugins/2D/Paper2D/Content/DefaultSpriteMaterial.uasset" 491
"../../Plugins/2D/Paper2D/Content/MaskedUnlitSpriteMaterial.uasset" 492
"../../Plugins/2D/Paper2D/Content/OpaqueUnlitSpriteMaterial.uasset" 493
"../../Plugins/Runtime/Oculus/OculusVR/Content/OculusMR_RenderTarget.uasset" 494
"../../../Engine/Content/Functions/Engine_MaterialFunctions02/Utility/BreakOutFloat4Components.uasset" 495
"../../../Engine/Content/Functions/Engine_MaterialFunctions02/Utility/MakeFloat2.uasset" 496
"../../../Engine/Content/Functions/Engine_MaterialFunctions02/Utility/MakeFloat3.uasset" 497
"../../Plugins/Runtime/Oculus/OculusVR/Content/Materials/OculusMR_ChromaKey.uasset" 498
"../../Plugins/Runtime/Oculus/OculusVR/Content/Materials/OculusMR_ChromaKey_Lit.uasset" 499
"../../Plugins/Runtime/Oculus/OculusVR/Content/Materials/OculusMR_OpaqueColoredMaterial.uasset" 500
"../../Plugins/Runtime/Oculus/OculusVR/Content/Materials/OculusMR_WhiteMaterial.uasset" 501
"../../../Engine/Content/EngineSky/C_Sky_Cloud_Color.uasset" 502
"../../../Engine/Content/EngineSky/C_Sky_Horizon_Color.uasset" 503
"../../../Engine/Content/EngineSky/C_Sky_Zenith_Color.uasset" 504
"../../../Engine/Content/EngineSky/T_Sky_Blue.uasset" 505
"../../../Engine/Content/EngineSky/T_Sky_Clouds_M.uasset" 506
"../../../Engine/Content/EngineSky/T_Sky_Stars.uasset" 507
"../../../Engine/Content/EngineSky/M_Sky_Panning_Clouds2.uasset" 508
"../../../Engine/Content/EngineSky/SM_SkySphere.uasset" 509
"../../../Engine/Content/EngineSky/BP_Sky_Sphere.uasset" 510
"E:/SpellslingersGame/Content/Models/Chandelier_01Passive_Anim.uasset" 511
"../../../Engine/Content/BasicShapes/Cylinder.uasset" 512
"E:/SpellslingersGame/Content/Models/Wood__Light_Tileable.uasset" 513
"E:/SpellslingersGame/Content/Models/MAT_Light_Wood.uasset" 514
"E:/SpellslingersGame/Content/Models/Metal_Hammered_Stylized_Darker.uasset" 515
"E:/SpellslingersGame/Content/Models/MAT_Metal_Dark_01.uasset" 516
"E:/SpellslingersGame/Content/Models/crystal_diffuse.uasset" 517
"E:/SpellslingersGame/Content/Models/MAT_Quartz.uasset" 518
"E:/SpellslingersGame/Content/Models/Chandelier_01Passive_PhysicsAsset.uasset" 519
"E:/SpellslingersGame/Content/Models/Chandelier_01Passive.uasset" 520
"E:/SpellslingersGame/Content/Blueprints/Chandelier.uasset" 521
"E:/SpellslingersGame/Content/StarterContent/Textures/T_Dust_Particle_D.uasset" 522
"E:/SpellslingersGame/Content/StarterContent/Particles/Materials/M_Dust_Particle.uasset" 523
"E:/SpellslingersGame/Content/StarterContent/Particles/P_Ambient_Dust_Big.uasset" 524
"E:/SpellslingersGame/Content/Blueprints/DustEmitter.uasset" 525
"E:/SpellslingersGame/Content/Blueprints/Enemies/ZombieAssets/Zombie_Idle.uasset" 526
"E:/SpellslingersGame/Content/Blueprints/Enemies/ZombieAssets/Zombie_Run.uasset" 527
"E:/SpellslingersGame/Content/Blueprints/Enemies/ZombieGruntBlendSpace.uasset" 528
"E:/SpellslingersGame/Content/Blueprints/Enemies/ZombieGruntAnimBP.uasset" 529
"E:/SpellslingersGame/Content/Blueprints/Enemies/ZombieAssets/Zombie_Attack.uasset" 530
"E:/SpellslingersGame/Content/Blueprints/Enemies/ZombieAssets/Zombie_Attack_Montage.uasset" 531
"E:/SpellslingersGame/Content/Blueprints/Enemies/DetourZombieGruntAI.uasset" 532
"E:/SpellslingersGame/Content/Blueprints/Enemies/ZombieAssets/blinn1.uasset" 533
"E:/SpellslingersGame/Content/Blueprints/Enemies/ZombieAssets/blinn2.uasset" 534
"E:/SpellslingersGame/Content/Blueprints/Enemies/ZombieAssets/blinn3.uasset" 535
"E:/SpellslingersGame/Content/Blueprints/Enemies/ZombieAssets/zombieRIGwMaterials_PhysicsAsset.uasset" 536
"E:/SpellslingersGame/Content/Blueprints/Enemies/ZombieAssets/zombieRIGwMaterials.uasset" 537
"E:/SpellslingersGame/Content/Sounds/SFX/420668__sypherzent__basic-melee-swing-miss-whoosh.uasset" 538
"E:/SpellslingersGame/Content/Sounds/SFX/420673__sypherzent__basic-melee-hit.uasset" 539
"E:/SpellslingersGame/Content/Sounds/SFX/Zombie_Sounds/172004__skinnysoundguy__creature-beast-retch.uasset" 540
"E:/SpellslingersGame/Content/Sounds/SFX/Zombie_Sounds/196719__paulmorek__sz-zombies-03.uasset" 541
"E:/SpellslingersGame/Content/Sounds/SFX/Zombie_Sounds/270480__littlerobotsoundfactory__zombie-01.uasset" 542
"E:/SpellslingersGame/Content/Sounds/SFX/Zombie_Sounds/315846__gneube__zombie-roar.uasset" 543
"E:/SpellslingersGame/Content/Sounds/SFX/Zombie_Sounds/316209__littlerobotsoundfactory__zombie-40.uasset" 544
"E:/SpellslingersGame/Content/Sounds/SFX/Zombie_Sounds/414899__dnaudio-uk__undead-rasp.uasset" 545
"E:/SpellslingersGame/Content/Sounds/SFX/Zombie_Sounds/426627__mrh4hn__zombie-grunt.uasset" 546
"E:/SpellslingersGame/Content/Sounds/SFX/Zombie_Sounds/452347__bananplyte__death-2-the-ridge-host.uasset" 547
"E:/SpellslingersGame/Content/Blueprints/Enemies/ZombieGrunt.uasset" 548
"E:/SpellslingersGame/Content/Blueprints/Enemies/BigZombieGrunt.uasset" 549
"E:/SpellslingersGame/Content/UI/FirstPersonHUD.uasset" 550
"E:/SpellslingersGame/Content/FirstPersonBP/Blueprints/FirstPersonGameMode.uasset" 551
"E:/SpellslingersGame/Content/Blueprints/WaveDetails_DS.uasset" 552
"E:/SpellslingersGame/Content/Blueprints/WaveDetails_DT.uasset" 553
"E:/SpellslingersGame/Content/Sounds/Music/3487-chase-pulse-faster-by-kevin-macleod.uasset" 554
"E:/SpellslingersGame/Content/Sounds/Music/4127-night-of-chaos-by-kevin-macleod.uasset" 555
"E:/SpellslingersGame/Content/Sounds/Music/4338-seven-march-by-kevin-macleod.uasset" 556
"E:/SpellslingersGame/Content/Sounds/Music/4587-villainous-treachery---distressed-by-kevin-macleod.uasset" 557
"E:/SpellslingersGame/Content/Sounds/Music/4890-nightmare-by-alexander-nakarada.uasset" 558
"E:/SpellslingersGame/Content/Sounds/Music/Final_Count.uasset" 559
"E:/SpellslingersGame/Content/Sounds/Music/midnight-backwards-horror_fyWUsE4_.uasset" 560
"E:/SpellslingersGame/Content/Sounds/Music/oh-dear-what-can-the-matter-be-horror_MkfcsVNO.uasset" 561
"E:/SpellslingersGame/Content/Textures/Crosshair_01.uasset" 562
"E:/SpellslingersGame/Content/Textures/HPcross_01.uasset" 563
"E:/SpellslingersGame/Content/Textures/Skull_01.uasset" 564
"E:/SpellslingersGame/Content/UI/HordeHUD.uasset" 565
"E:/SpellslingersGame/Content/Blueprints/HordeMode.uasset" 566
"E:/SpellslingersGame/Content/Models/MAT_Table.uasset" 567
"E:/SpellslingersGame/Content/Models/WoodenTable.uasset" 568
"E:/SpellslingersGame/Content/Blueprints/Table.uasset" 569
"E:/SpellslingersGame/Content/FirstPersonBP/Maps/HordeMap_BuiltData.uasset" 570
"../../../Engine/Content/Functions/Engine_MaterialFunctions01/Gradient/LinearGradient.uasset" 571
"../../../Engine/Content/Functions/Engine_MaterialFunctions01/ImageAdjustment/CheapContrast.uasset" 572
"../../../Engine/Content/Functions/Engine_MaterialFunctions02/SafeNormalize.uasset" 573
"../../../Engine/Content/Functions/Engine_MaterialFunctions02/Math/CreateThirdOrthogonalVector.uasset" 574
"../../../Engine/Content/Functions/Engine_MaterialFunctions02/Utility/BreakOutFloat3Components.uasset" 575
"../../../Engine/Content/Functions/Engine_MaterialFunctions02/Math/Transform3x3Matrix.uasset" 576
"../../../Engine/Content/Functions/Engine_MaterialFunctions02/ExampleContent/Textures/SphereRenderNormalsMap.uasset" 577
"../../../Engine/Content/Functions/Engine_MaterialFunctions02/WorldAlignedNormals_HighQuality.uasset" 578
"../../../Engine/Content/EngineMaterials/DefaultNormal_Uncompressed.uasset" 579
"../../../Engine/Content/Functions/Engine_MaterialFunctions01/Texturing/WorldAlignedNormal.uasset" 580
"../../../Engine/Content/Functions/Engine_MaterialFunctions01/Texturing/WorldAlignedTexture.uasset" 581
"E:/SpellslingersGame/Content/Textures/Wood_Floor_Tileable.uasset" 582
"E:/SpellslingersGame/Content/Textures/Wood_Floor_Tileable_Normal_Alt.uasset" 583
"E:/SpellslingersGame/Content/Materials/M_Floor.uasset" 584
"E:/SpellslingersGame/Content/Textures/Wallpaper_Stylized_Tileable.uasset" 585
"E:/SpellslingersGame/Content/Textures/Wallpaper_Stylized_Tileable_Normal.uasset" 586
"E:/SpellslingersGame/Content/Materials/M_Wallpaper.uasset" 587
"E:/SpellslingersGame/Content/Materials/M_Wood_Dark_01_WorldAlign.uasset" 588
"E:/SpellslingersGame/Content/StarterContent/Textures/T_MacroVariation.uasset" 589
"E:/SpellslingersGame/Content/StarterContent/Textures/T_Perlin_Noise_M.uasset" 590
"E:/SpellslingersGame/Content/StarterContent/Textures/T_Rock_Sandstone_D.uasset" 591
"E:/SpellslingersGame/Content/StarterContent/Textures/T_Rock_Sandstone_N.uasset" 592
"E:/SpellslingersGame/Content/StarterContent/Materials/M_Rock_Sandstone.uasset" 593
"../../../Engine/Content/BasicShapes/Cube.uasset" 594
"../../../Engine/Content/EngineMaterials/DefaultPhysicalMaterial.uasset" 595
"E:/SpellslingersGame/Content/Geometry/Meshes/1M_Cube.uasset" 596
"E:/SpellslingersGame/Content/Models/aiStandardSurface25.uasset" 597
"E:/SpellslingersGame/Content/Models/Antlers_01.uasset" 598
"E:/SpellslingersGame/Content/Models/MAT_MediumWood.uasset" 599
"E:/SpellslingersGame/Content/Models/Bar_Segment_Curve.uasset" 600
"E:/SpellslingersGame/Content/Models/Bar_Segment_End.uasset" 601
"E:/SpellslingersGame/Content/Models/Bar_Segment_Left.uasset" 602
"E:/SpellslingersGame/Content/Models/Bar_Segment_Right.uasset" 603
"E:/SpellslingersGame/Content/Models/Cork_02.uasset" 604
"E:/SpellslingersGame/Content/Models/MAT_Cork.uasset" 605
"E:/SpellslingersGame/Content/Models/Barrel_01.uasset" 606
"E:/SpellslingersGame/Content/Models/Door_Wood_01_Bump.uasset" 607
"E:/SpellslingersGame/Content/Models/Door_Wood_01_Diffuse_02.uasset" 608
"E:/SpellslingersGame/Content/Models/MAT_Door_01.uasset" 609
"E:/SpellslingersGame/Content/Models/Door_Wood_02.uasset" 610
"E:/SpellslingersGame/Content/Models/Wood_Tileable.uasset" 611
"E:/SpellslingersGame/Content/Models/lambert5.uasset" 612
"E:/SpellslingersGame/Content/Models/Keg_01.uasset" 613
"E:/SpellslingersGame/Content/Models/Lantern_02_Diffuse.uasset" 614
"E:/SpellslingersGame/Content/Models/MAT_Lantern_02.uasset" 615
"E:/SpellslingersGame/Content/Models/Lantern_02.uasset" 616
"E:/SpellslingersGame/Content/Models/Barrel_Potion_01_Diffuse.uasset" 617
"E:/SpellslingersGame/Content/Models/MAT_Potion_Barrel.uasset" 618
"E:/SpellslingersGame/Content/Models/MAT_Potion_Barrel_Glass.uasset" 619
"E:/SpellslingersGame/Content/Models/MAT_Potion_Liquid.uasset" 620
"E:/SpellslingersGame/Content/Models/Potion_Barrel_01.uasset" 621
"E:/SpellslingersGame/Content/Models/Railing_With_OnePost.uasset" 622
"E:/SpellslingersGame/Content/Models/Railing_With_TwoPost.uasset" 623
"E:/SpellslingersGame/Content/Models/Staircase_Branching.uasset" 624
"E:/SpellslingersGame/Content/Models/Support_Beam.uasset" 625
"E:/SpellslingersGame/Content/Models/Wall_Panel_01.uasset" 626
"E:/SpellslingersGame/Content/Models/Wall_Panel_Beam_01.uasset" 627
"E:/SpellslingersGame/Content/Models/Wall_Panel_Divider_01.uasset" 628
"E:/SpellslingersGame/Content/Models/Felt_Green_01.uasset" 629
"E:/SpellslingersGame/Content/Models/Felt_Green.uasset" 630
"E:/SpellslingersGame/Content/Models/WoodenTable_Gambling.uasset" 631
"E:/SpellslingersGame/Content/FirstPersonBP/Maps/HordeMap.umap" 632
"E:/SpellslingersGame/Content/Blueprints/BlankGameMode.uasset" 633
"E:/SpellslingersGame/Content/StarterContent/Particles/P_Ambient_Dust.uasset" 634
"E:/SpellslingersGame/Content/StarterContent/Particles/P_Smoke.uasset" 635
"E:/SpellslingersGame/Content/Blueprints/MainMenuPatricles.uasset" 636
"E:/SpellslingersGame/Content/FirstPersonBP/Blueprints/MainMenuPatricles.uasset" 637
"E:/SpellslingersGame/Content/FirstPersonBP/Blueprints/UI/FirstPersonHUD.uasset" 638
"E:/SpellslingersGame/Content/Sounds/Music/calm-of-night_z1-XM8Sd.uasset" 639
"E:/SpellslingersGame/Content/FirstPersonBP/Maps/MainMenu.umap" 640
"E:/SpellslingersGame/Content/Blueprints/TargetPractice.uasset" 641
"E:/SpellslingersGame/Content/FirstPersonBP/Blueprints/BPI.uasset" 642
"E:/SpellslingersGame/Content/FirstPersonBP/Blueprints/Chandelier.uasset" 643
"E:/SpellslingersGame/Content/FirstPersonBP/Blueprints/DustEmitter.uasset" 644
"E:/SpellslingersGame/Content/FirstPersonBP/Blueprints/HintSystem.uasset" 645
"E:/SpellslingersGame/Content/FirstPersonBP/Blueprints/ScoreSystem.uasset" 646
"E:/SpellslingersGame/Content/FirstPersonBP/Blueprints/Table.uasset" 647
"E:/SpellslingersGame/Content/FirstPersonBP/Blueprints/TargetHandler.uasset" 648
"E:/SpellslingersGame/Content/FirstPersonBP/Blueprints/TargetObj.uasset" 649
"E:/SpellslingersGame/Content/FirstPersonBP/Maps/TargetPracticeSaloon_BuiltData.uasset" 650
"E:/SpellslingersGame/Content/Models/SaloonDoors_01.uasset" 651
"E:/SpellslingersGame/Content/FirstPersonBP/Maps/TargetPracticeSaloon.umap" 652
"E:/SpellslingersGame/Content/StarterContent/Blueprints/Assets/FogBrightnessLUT.uasset" 653
"E:/SpellslingersGame/Content/StarterContent/Blueprints/Assets/SunlightColorLUT.uasset" 654
"E:/SpellslingersGame/Content/StarterContent/Blueprints/Assets/M_LightStage_Arrows.uasset" 655
"../../../Engine/Content/MapTemplates/Sky/DaylightAmbientCubemap.uasset" 656
"E:/SpellslingersGame/Content/StarterContent/Blueprints/Assets/M_LightStage_Skybox_Master.uasset" 657
"E:/SpellslingersGame/Content/StarterContent/Blueprints/Assets/M_LightStage_Skybox_Black.uasset" 658
"E:/SpellslingersGame/Content/StarterContent/Blueprints/Assets/M_LightStage_Skybox_HDRI.uasset" 659
"../../../Engine/Content/EditorMaterials/Thumbnails/SkySphereMaterial.uasset" 660
"E:/SpellslingersGame/Content/StarterContent/Blueprints/Assets/Skybox.uasset" 661
"E:/SpellslingersGame/Content/StarterContent/Blueprints/Assets/SM_Arrows.uasset" 662
"E:/SpellslingersGame/Content/StarterContent/HDRI/HDRI_Epic_Courtyard_Daylight.uasset" 663
"E:/SpellslingersGame/Content/StarterContent/Blueprints/BP_LightStudio.uasset" 664
"E:/SpellslingersGame/Content/StarterContent/Maps/Advanced_Lighting_BuiltData.uasset" 665
"E:/SpellslingersGame/Content/StarterContent/Materials/M_AssetPlatform.uasset" 666
"../../../Engine/Content/EditorMeshes/ColorCalibrator/M_ChromeBall.uasset" 667
"../../../Engine/Content/EditorMeshes/ColorCalibrator/M_ClearCoat.uasset" 668
"../../../Engine/Content/EditorMeshes/ColorCalibrator/M_ClearCoatBlack.uasset" 669
"../../../Engine/Content/EditorMeshes/ColorCalibrator/Color_checker.uasset" 670
"../../../Engine/Content/EditorMeshes/ColorCalibrator/M_ColorGrid.uasset" 671
"../../../Engine/Content/EditorMeshes/ColorCalibrator/M_GreyBall.uasset" 672
"../../../Engine/Content/EditorMeshes/ColorCalibrator/SM_ColorCalibrator.uasset" 673
"E:/SpellslingersGame/Content/StarterContent/Architecture/SM_AssetPlatform.uasset" 674
"E:/SpellslingersGame/Content/StarterContent/Maps/Advanced_Lighting.umap" 675
"E:/SpellslingersGame/Content/StarterContent/Maps/Minimal_Default_BuiltData.uasset" 676
"E:/SpellslingersGame/Content/StarterContent/Materials/M_Metal_Brushed_Nickel.uasset" 677
"E:/SpellslingersGame/Content/StarterContent/Textures/T_Metal_Aluminum_D.uasset" 678
"E:/SpellslingersGame/Content/StarterContent/Textures/T_Metal_Gold_N.uasset" 679
"E:/SpellslingersGame/Content/StarterContent/Materials/M_Metal_Burnished_Steel.uasset" 680
"E:/SpellslingersGame/Content/StarterContent/Textures/T_Metal_Copper_D.uasset" 681
"E:/SpellslingersGame/Content/StarterContent/Materials/M_Metal_Copper.uasset" 682
"E:/SpellslingersGame/Content/StarterContent/Textures/T_Statue_M.uasset" 683
"E:/SpellslingersGame/Content/StarterContent/Textures/T_Statue_N.uasset" 684
"E:/SpellslingersGame/Content/StarterContent/Props/Materials/M_StatueGlass.uasset" 685
"E:/SpellslingersGame/Content/StarterContent/Architecture/Floor_400x400.uasset" 686
"E:/SpellslingersGame/Content/StarterContent/Audio/Starter_Background_Cue.uasset" 687
"E:/SpellslingersGame/Content/StarterContent/Props/SM_Chair.uasset" 688
"E:/SpellslingersGame/Content/StarterContent/Props/Materials/M_Statue.uasset" 689
"E:/SpellslingersGame/Content/StarterContent/Props/SM_Statue.uasset" 690
"E:/SpellslingersGame/Content/StarterContent/Textures/T_TableRound_M.uasset" 691
"E:/SpellslingersGame/Content/StarterContent/Textures/T_TableRound_N.uasset" 692
"E:/SpellslingersGame/Content/StarterContent/Props/Materials/M_TableRound.uasset" 693
"E:/SpellslingersGame/Content/StarterContent/Props/SM_TableRound.uasset" 694
"E:/SpellslingersGame/Content/StarterContent/Maps/Minimal_Default.umap" 695
"E:/SpellslingersGame/Content/StarterContent/Audio/Fire01_Cue.uasset" 696
"E:/SpellslingersGame/Content/StarterContent/Blueprints/Blueprint_Effect_Fire.uasset" 697
"E:/SpellslingersGame/Content/StarterContent/Audio/Smoke01_Cue.uasset" 698
"E:/SpellslingersGame/Content/StarterContent/Blueprints/Blueprint_Effect_Smoke.uasset" 699
"E:/SpellslingersGame/Content/StarterContent/Audio/Fire_Sparks01_Cue.uasset" 700
"E:/SpellslingersGame/Content/StarterContent/Blueprints/Blueprint_Effect_Sparks.uasset" 701
"E:/SpellslingersGame/Content/StarterContent/Audio/Steam01_Cue.uasset" 702
"E:/SpellslingersGame/Content/StarterContent/Blueprints/Blueprint_Effect_Steam.uasset" 703
"E:/SpellslingersGame/Content/StarterContent/Textures/T_Lamp_M.uasset" 704
"E:/SpellslingersGame/Content/StarterContent/Textures/T_Lamp_N.uasset" 705
"E:/SpellslingersGame/Content/StarterContent/Props/Materials/M_Lamp.uasset" 706
"E:/SpellslingersGame/Content/StarterContent/Props/SM_Lamp_Ceiling.uasset" 707
"E:/SpellslingersGame/Content/StarterContent/Blueprints/Blueprint_CeilingLight.uasset" 708
"E:/SpellslingersGame/Content/StarterContent/Props/SM_Lamp_Wall.uasset" 709
"E:/SpellslingersGame/Content/StarterContent/Blueprints/Blueprint_WallSconce.uasset" 710
"E:/SpellslingersGame/Content/StarterContent/Maps/StarterMap_BuiltData.uasset" 711
"../../../Engine/Content/Functions/Engine_MaterialFunctions03/Procedurals/ComputeFilterWidth.uasset" 712
"../../../Engine/Content/EngineMaterials/AntiAliasedTextMaterialTranslucent.uasset" 713
"E:/SpellslingersGame/Content/StarterContent/Textures/T_Brick_Clay_Beveled_D.uasset" 714
"E:/SpellslingersGame/Content/StarterContent/Textures/T_Brick_Clay_Beveled_M.uasset" 715
"E:/SpellslingersGame/Content/StarterContent/Textures/T_Brick_Clay_Beveled_N.uasset" 716
"E:/SpellslingersGame/Content/StarterContent/Materials/M_Brick_Clay_Beveled.uasset" 717
"E:/SpellslingersGame/Content/StarterContent/Textures/T_Brick_Clay_New_D.uasset" 718
"E:/SpellslingersGame/Content/StarterContent/Textures/T_Brick_Clay_New_M.uasset" 719
"E:/SpellslingersGame/Content/StarterContent/Textures/T_Brick_Clay_New_N.uasset" 720
"E:/SpellslingersGame/Content/StarterContent/Materials/M_Brick_Clay_New.uasset" 721
"E:/SpellslingersGame/Content/StarterContent/Textures/T_Brick_Clay_Old_D.uasset" 722
"E:/SpellslingersGame/Content/StarterContent/Textures/T_Brick_Clay_Old_N.uasset" 723
"E:/SpellslingersGame/Content/StarterContent/Materials/M_Brick_Clay_Old.uasset" 724
"E:/SpellslingersGame/Content/StarterContent/Textures/T_Brick_Cut_Stone_D.uasset" 725
"E:/SpellslingersGame/Content/StarterContent/Textures/T_Brick_Cut_Stone_N.uasset" 726
"E:/SpellslingersGame/Content/StarterContent/Materials/M_Brick_Cut_Stone.uasset" 727
"E:/SpellslingersGame/Content/StarterContent/Textures/T_Brick_Hewn_Stone_D.uasset" 728
"E:/SpellslingersGame/Content/StarterContent/Textures/T_Brick_Hewn_Stone_M.uasset" 729
"E:/SpellslingersGame/Content/StarterContent/Textures/T_Brick_Hewn_Stone_N.uasset" 730
"E:/SpellslingersGame/Content/StarterContent/Materials/M_Brick_Hewn_Stone.uasset" 731
"E:/SpellslingersGame/Content/StarterContent/Textures/T_Ceramic_Tile_M.uasset" 732
"E:/SpellslingersGame/Content/StarterContent/Textures/T_Ceramic_Tile_N.uasset" 733
"E:/SpellslingersGame/Content/StarterContent/Textures/T_Rock_Marble_Polished_D.uasset" 734
"E:/SpellslingersGame/Content/StarterContent/Materials/M_Ceramic_Tile_Checker.uasset" 735
"E:/SpellslingersGame/Content/StarterContent/Textures/T_CobbleStone_Pebble_D.uasset" 736
"E:/SpellslingersGame/Content/StarterContent/Textures/T_CobbleStone_Pebble_M.uasset" 737
"E:/SpellslingersGame/Content/StarterContent/Textures/T_CobbleStone_Pebble_N.uasset" 738
"E:/SpellslingersGame/Content/StarterContent/Materials/M_CobbleStone_Pebble.uasset" 739
"E:/SpellslingersGame/Content/StarterContent/Textures/T_CobbleStone_Rough_D.uasset" 740
"E:/SpellslingersGame/Content/StarterContent/Textures/T_CobbleStone_Rough_N.uasset" 741
"E:/SpellslingersGame/Content/StarterContent/Textures/T_Gradinet_01.uasset" 742
"E:/SpellslingersGame/Content/StarterContent/Textures/T_Rock_Smooth_Granite_D.uasset" 743
"E:/SpellslingersGame/Content/StarterContent/Materials/M_CobbleStone_Rough.uasset" 744
"E:/SpellslingersGame/Content/StarterContent/Textures/T_CobbleStone_Smooth_D.uasset" 745
"E:/SpellslingersGame/Content/StarterContent/Textures/T_CobbleStone_Smooth_M.uasset" 746
"E:/SpellslingersGame/Content/StarterContent/Textures/T_CobbleStone_Smooth_N.uasset" 747
"E:/SpellslingersGame/Content/StarterContent/Materials/M_CobbleStone_Smooth.uasset" 748
"E:/SpellslingersGame/Content/StarterContent/Textures/T_Concrete_Grime_D.uasset" 749
"E:/SpellslingersGame/Content/StarterContent/Textures/T_Metal_Rust_N.uasset" 750
"E:/SpellslingersGame/Content/StarterContent/Materials/M_Concrete_Grime.uasset" 751
"E:/SpellslingersGame/Content/StarterContent/Textures/T_Concrete_Panels_D.uasset" 752
"E:/SpellslingersGame/Content/StarterContent/Textures/T_Concrete_Panels_N.uasset" 753
"E:/SpellslingersGame/Content/StarterContent/Materials/M_Concrete_Panels.uasset" 754
"E:/SpellslingersGame/Content/StarterContent/Textures/T_Concrete_Poured_D.uasset" 755
"E:/SpellslingersGame/Content/StarterContent/Textures/T_Concrete_Poured_N.uasset" 756
"E:/SpellslingersGame/Content/StarterContent/Materials/M_Concrete_Poured.uasset" 757
"E:/SpellslingersGame/Content/StarterContent/Textures/T_Concrete_Tiles_D.uasset" 758
"E:/SpellslingersGame/Content/StarterContent/Textures/T_Concrete_Tiles_M.uasset" 759
"E:/SpellslingersGame/Content/StarterContent/Textures/T_Concrete_Tiles_N.uasset" 760
"E:/SpellslingersGame/Content/StarterContent/Textures/T_Concrete_Tiles_Variation_M.uasset" 761
"E:/SpellslingersGame/Content/StarterContent/Materials/M_Concrete_Tiles.uasset" 762
"E:/SpellslingersGame/Content/StarterContent/Textures/T_Ground_Grass_D.uasset" 763
"E:/SpellslingersGame/Content/StarterContent/Textures/T_Ground_Grass_N.uasset" 764
"E:/SpellslingersGame/Content/StarterContent/Materials/M_Ground_Grass.uasset" 765
"E:/SpellslingersGame/Content/StarterContent/Textures/T_Ground_Gravel_D.uasset" 766
"E:/SpellslingersGame/Content/StarterContent/Textures/T_Ground_Gravel_N.uasset" 767
"E:/SpellslingersGame/Content/StarterContent/Materials/M_Ground_Gravel.uasset" 768
"E:/SpellslingersGame/Content/StarterContent/Textures/T_ground_Moss_D.uasset" 769
"E:/SpellslingersGame/Content/StarterContent/Textures/T_Ground_Moss_N.uasset" 770
"E:/SpellslingersGame/Content/StarterContent/Materials/M_Ground_Moss.uasset" 771
"E:/SpellslingersGame/Content/StarterContent/Materials/M_Metal_Chrome.uasset" 772
"E:/SpellslingersGame/Content/StarterContent/Textures/T_Metal_Gold_D.uasset" 773
"E:/SpellslingersGame/Content/StarterContent/Materials/M_Metal_Gold.uasset" 774
"E:/SpellslingersGame/Content/StarterContent/Textures/T_Metal_Rust_D.uasset" 775
"E:/SpellslingersGame/Content/StarterContent/Materials/M_Metal_Rust.uasset" 776
"E:/SpellslingersGame/Content/StarterContent/Textures/T_Metal_Steel_D.uasset" 777
"E:/SpellslingersGame/Content/StarterContent/Textures/T_Metal_Steel_N.uasset" 778
"E:/SpellslingersGame/Content/StarterContent/Materials/M_Metal_Steel.uasset" 779
"E:/SpellslingersGame/Content/StarterContent/Textures/T_Rock_Basalt_N.uasset" 780
"E:/SpellslingersGame/Content/StarterContent/Materials/M_Rock_Basalt.uasset" 781
"E:/SpellslingersGame/Content/StarterContent/Materials/M_Rock_Marble_Polished.uasset" 782
"E:/SpellslingersGame/Content/StarterContent/Textures/T_Rock_Slate_D.uasset" 783
"E:/SpellslingersGame/Content/StarterContent/Textures/T_Rock_Slate_N.uasset" 784
"E:/SpellslingersGame/Content/StarterContent/Materials/M_Rock_Slate.uasset" 785
"E:/SpellslingersGame/Content/StarterContent/Textures/T_Checker_Noise_M.uasset" 786
"E:/SpellslingersGame/Content/StarterContent/Textures/T_Single_Tile_N.uasset" 787
"E:/SpellslingersGame/Content/StarterContent/Textures/T_Tech_Dot_M.uasset" 788
"E:/SpellslingersGame/Content/StarterContent/Textures/T_Tech_Dot_N.uasset" 789
"E:/SpellslingersGame/Content/StarterContent/Materials/M_Tech_Checker_Dot.uasset" 790
"E:/SpellslingersGame/Content/StarterContent/Textures/T_Tech_Hex_Tile_M.uasset" 791
"E:/SpellslingersGame/Content/StarterContent/Textures/T_Tech_Hex_Tile_N.uasset" 792
"E:/SpellslingersGame/Content/StarterContent/Materials/M_Tech_Hex_Tile.uasset" 793
"E:/SpellslingersGame/Content/StarterContent/Materials/M_Tech_Hex_Tile_Pulse.uasset" 794
"E:/SpellslingersGame/Content/StarterContent/Textures/T_Tech_Panel_M.uasset" 795
"E:/SpellslingersGame/Content/StarterContent/Textures/T_Tech_Panel_N.uasset" 796
"E:/SpellslingersGame/Content/StarterContent/Materials/M_Tech_Panel.uasset" 797
"E:/SpellslingersGame/Content/StarterContent/Materials/M_Water_Lake.uasset" 798
"E:/SpellslingersGame/Content/StarterContent/Textures/T_Water_M.uasset" 799
"E:/SpellslingersGame/Content/StarterContent/Materials/M_Water_Ocean.uasset" 800
"E:/SpellslingersGame/Content/StarterContent/Textures/T_Wood_Floor_Walnut_D.uasset" 801
"E:/SpellslingersGame/Content/StarterContent/Textures/T_Wood_Floor_Walnut_M.uasset" 802
"E:/SpellslingersGame/Content/StarterContent/Textures/T_Wood_Floor_Walnut_N.uasset" 803
"E:/SpellslingersGame/Content/StarterContent/Materials/M_Wood_Floor_Walnut_Polished.uasset" 804
"../../../Engine/Content/Functions/Engine_MaterialFunctions01/Opacity/AlphaOffset.uasset" 805
"E:/SpellslingersGame/Content/StarterContent/Materials/M_Wood_Floor_Walnut_Worn.uasset" 806
"E:/SpellslingersGame/Content/StarterContent/Textures/T_Wood_Oak_D.uasset" 807
"E:/SpellslingersGame/Content/StarterContent/Textures/T_Wood_Oak_N.uasset" 808
"E:/SpellslingersGame/Content/StarterContent/Materials/M_Wood_Oak.uasset" 809
"E:/SpellslingersGame/Content/StarterContent/Textures/T_Wood_Pine_D.uasset" 810
"E:/SpellslingersGame/Content/StarterContent/Textures/T_Wood_Pine_N.uasset" 811
"E:/SpellslingersGame/Content/StarterContent/Materials/M_Wood_Pine.uasset" 812
"E:/SpellslingersGame/Content/StarterContent/Textures/T_Wood_Walnut_D.uasset" 813
"E:/SpellslingersGame/Content/StarterContent/Textures/T_Wood_Walnut_N.uasset" 814
"E:/SpellslingersGame/Content/StarterContent/Materials/M_Wood_Walnut.uasset" 815
"E:/SpellslingersGame/Content/StarterContent/Architecture/Wall_400x200.uasset" 816
"E:/SpellslingersGame/Content/StarterContent/Architecture/Wall_Door_400x300.uasset" 817
"E:/SpellslingersGame/Content/StarterContent/Architecture/Wall_Window_400x300.uasset" 818
"E:/SpellslingersGame/Content/StarterContent/Audio/Collapse_Cue.uasset" 819
"E:/SpellslingersGame/Content/StarterContent/Audio/Starter_Music_Cue.uasset" 820
"E:/SpellslingersGame/Content/StarterContent/Props/MaterialSphere.uasset" 821
"E:/SpellslingersGame/Content/StarterContent/Textures/T_Frame_M.uasset" 822
"E:/SpellslingersGame/Content/StarterContent/Textures/T_Frame_N.uasset" 823
"E:/SpellslingersGame/Content/StarterContent/Props/Materials/M_Frame.uasset" 824
"E:/SpellslingersGame/Content/StarterContent/Props/SM_CornerFrame.uasset" 825
"E:/SpellslingersGame/Content/StarterContent/Props/SM_DoorFrame.uasset" 826
"E:/SpellslingersGame/Content/StarterContent/Props/SM_GlassWindow.uasset" 827
"E:/SpellslingersGame/Content/StarterContent/Props/SM_PillarFrame.uasset" 828
"E:/SpellslingersGame/Content/StarterContent/Props/SM_PillarFrame300.uasset" 829
"E:/SpellslingersGame/Content/StarterContent/Props/SM_WindowFrame.uasset" 830
"E:/SpellslingersGame/Content/StarterContent/Shapes/Shape_Cube.uasset" 831
"E:/SpellslingersGame/Content/StarterContent/Shapes/Shape_QuadPyramid.uasset" 832
"E:/SpellslingersGame/Content/StarterContent/Shapes/Shape_Sphere.uasset" 833
"E:/SpellslingersGame/Content/StarterContent/Maps/StarterMap.umap" 834
"../../../Engine/Content/Maps/Entry_BuiltData.uasset" 835
"../../../Engine/Content/Maps/Entry.umap" 836
